
Welcome to Gradle 5.6.2!

Here are the highlights of this release:
 - Incremental Groovy compilation
 - Groovy compile avoidance
 - Test fixtures for Java projects
 - Manage plugin versions via settings script

For more details see https://docs.gradle.org/5.6.2/release-notes.html

Starting a Gradle Daemon (subsequent builds will be faster)
> Task :compileJava
> Task :processResources NO-SOURCE
> Task :classes
> Task :bootJar
> Task :jar SKIPPED
> Task :assemble
> Task :compileTestJava NO-SOURCE
> Task :processTestResources NO-SOURCE
> Task :testClasses UP-TO-DATE
> Task :test NO-SOURCE
> Task :check UP-TO-DATE
> Task :build

BUILD SUCCESSFUL in 14s
2 actionable tasks: 2 executed
